<?xml version="1.0" encoding="UTF-8"?>
<!-- Generated by org.testng.reporters.JUnitReportReporter -->
<testsuite hostname="VM-Lab34-3-440" failures="0" tests="5" name="MileStonepackage.Scneario3" time="67.686" errors="0" timestamp="2025-02-21T08:50:03 UTC" skipped="0">
  <testcase classname="MileStonepackage.Scneario3" name="openurl" time="2.987"/>
  <system-out/>
  <testcase classname="MileStonepackage.Scneario3" name="listurlsofmainmenu" time="13.997"/>
  <system-out/>
  <testcase classname="MileStonepackage.Scneario3" name="softwaremenunav" time="22.238"/>
  <system-out/>
  <testcase classname="MileStonepackage.Scneario3" name="capturenavitems" time="4.124"/>
  <system-out/>
  <testcase classname="MileStonepackage.Scneario3" name="zerotouch" time="24.340"/>
  <system-out/>
</testsuite> <!-- MileStonepackage.Scneario3 -->
