<?xml version="1.0" encoding="UTF-8"?>
<!-- Generated by org.testng.reporters.JUnitReportReporter -->
<testsuite hostname="vm-lab76-3-439.asia-south1-b.c.niit-stackroute-2.internal" failures="0" tests="5" name="MileStonepackage.Scneario3" time="88.174" errors="0" timestamp="2025-02-11T14:02:53 IST" skipped="0">
  <testcase classname="MileStonepackage.Scneario3" name="openurl" time="19.145"/>
  <system-out/>
  <testcase classname="MileStonepackage.Scneario3" name="listurlsofmainmenu" time="15.394"/>
  <system-out/>
  <testcase classname="MileStonepackage.Scneario3" name="softwaremenunav" time="24.152"/>
  <system-out/>
  <testcase classname="MileStonepackage.Scneario3" name="capturenavitems" time="4.503"/>
  <system-out/>
  <testcase classname="MileStonepackage.Scneario3" name="zerotouch" time="24.980"/>
  <system-out/>
</testsuite> <!-- MileStonepackage.Scneario3 -->
