<?xml version="1.0" encoding="UTF-8"?>
<!-- Generated by org.testng.reporters.JUnitReportReporter -->
<testsuite hostname="VM-Lab34-3-440" failures="0" tests="5" name="MileStonepackage.Scneario3" time="63.342" errors="0" timestamp="2025-02-21T09:42:19 UTC" skipped="0">
  <testcase classname="MileStonepackage.Scneario3" name="openurl" time="2.777"/>
  <system-out/>
  <testcase classname="MileStonepackage.Scneario3" name="listurlsofmainmenu" time="14.052"/>
  <system-out/>
  <testcase classname="MileStonepackage.Scneario3" name="softwaremenunav" time="20.651"/>
  <system-out/>
  <testcase classname="MileStonepackage.Scneario3" name="capturenavitems" time="4.035"/>
  <system-out/>
  <testcase classname="MileStonepackage.Scneario3" name="zerotouch" time="21.827"/>
  <system-out/>
</testsuite> <!-- MileStonepackage.Scneario3 -->
