<?xml version="1.0" encoding="UTF-8"?>
<!-- Generated by org.testng.reporters.JUnitReportReporter -->
<testsuite hostname="vm-lab76-3-439.asia-south1-b.c.niit-stackroute-2.internal" failures="0" tests="3" name="TestNgpackage.Saucedemo" time="14.277" errors="0" timestamp="2025-02-04T10:58:21 IST" skipped="0">
  <testcase classname="TestNgpackage.Saucedemo" name="login" time="3.326"/>
  <system-out/>
  <testcase classname="TestNgpackage.Saucedemo" name="completeaction" time="10.808"/>
  <system-out/>
  <testcase classname="TestNgpackage.Saucedemo" name="selectproduct" time="0.143"/>
  <system-out/>
</testsuite> <!-- TestNgpackage.Saucedemo -->
