<?xml version="1.0" encoding="UTF-8"?>
<!-- Generated by org.testng.reporters.JUnitReportReporter -->
<testsuite hostname="vm-lab76-3-439.asia-south1-b.c.niit-stackroute-2.internal" failures="0" tests="2" name="Annotations.Class1" time="0.010" errors="0" timestamp="2025-02-04T10:58:21 IST" skipped="0">
  <testcase classname="Annotations.Class1" name="test2" time="0.003"/>
  <system-out/>
  <testcase classname="Annotations.Class1" name="test1" time="0.007"/>
  <system-out/>
</testsuite> <!-- Annotations.Class1 -->
