<?xml version="1.0" encoding="UTF-8"?>
<!-- Generated by org.testng.reporters.JUnitReportReporter -->
<testsuite hostname="vm-lab76-3-439.asia-south1-b.c.niit-stackroute-2.internal" failures="0" tests="1" name="webdriveruniversity.Filewriteclass" time="0.018" errors="0" timestamp="2025-02-09T18:57:50 IST" skipped="0">
  <testcase classname="webdriveruniversity.Filewriteclass" name="runmenthod" time="0.018"/>
  <system-out/>
</testsuite> <!-- webdriveruniversity.Filewriteclass -->
