<?xml version="1.0" encoding="UTF-8"?>
<!-- Generated by org.testng.reporters.JUnitReportReporter -->
<testsuite hostname="vm-lab76-3-439.asia-south1-b.c.niit-stackroute-2.internal" failures="0" tests="1" name="webdriveruniversity.listallh5" time="1.016" errors="0" timestamp="2025-02-10T15:40:39 IST" skipped="0">
  <testcase classname="webdriveruniversity.listallh5" name="listh5" time="1.016"/>
  <system-out/>
</testsuite> <!-- webdriveruniversity.listallh5 -->
