<?xml version="1.0" encoding="UTF-8"?>
<!-- Generated by org.testng.reporters.JUnitReportReporter -->
<testsuite hostname="VM-Lab34-3-440" failures="0" tests="1" name="pageobejctmodel.zebraopener" time="0.007" errors="0" timestamp="2025-02-17T07:01:04 UTC" skipped="0">
  <testcase classname="pageobejctmodel.zebraopener" name="testing" time="0.007"/>
  <system-out/>
</testsuite> <!-- pageobejctmodel.zebraopener -->
