<?xml version="1.0" encoding="UTF-8"?>
<!-- Generated by org.testng.reporters.JUnitReportReporter -->
<testsuite hostname="vm-lab76-3-439.asia-south1-b.c.niit-stackroute-2.internal" failures="0" tests="2" name="webdriveruniversity.Contactusform" time="13.799" errors="0" timestamp="2025-02-11T11:45:03 IST" skipped="0">
  <testcase classname="webdriveruniversity.Contactusform" name="adddata" time="9.373"/>
  <system-out/>
  <testcase classname="webdriveruniversity.Contactusform" name="submitWithoutData" time="4.426"/>
  <system-out/>
</testsuite> <!-- webdriveruniversity.Contactusform -->
