<?xml version="1.0" encoding="UTF-8"?>
<!-- Generated by org.testng.reporters.JUnitReportReporter -->
<testsuite hostname="VM-Lab34-3-440" failures="0" tests="3" name="pageobejctmodel.Saucedemo" time="2.308" errors="0" timestamp="2025-02-17T07:01:04 UTC" skipped="0">
  <testcase classname="pageobejctmodel.Saucedemo" name="login" time="0.428"/>
  <system-out/>
  <testcase classname="pageobejctmodel.Saucedemo" name="selectproduct" time="0.143"/>
  <system-out/>
  <testcase classname="pageobejctmodel.Saucedemo" name="completeaction" time="1.737"/>
  <system-out/>
</testsuite> <!-- pageobejctmodel.Saucedemo -->
