<?xml version="1.0" encoding="UTF-8"?>
<!-- Generated by org.testng.reporters.JUnitReportReporter -->
<testsuite hostname="VM-Lab34-3-440" failures="0" tests="1" name="pageobejctmodel.Scneario3" time="2.784" errors="0" timestamp="2025-02-20T06:50:22 UTC" skipped="0">
  <testcase classname="pageobejctmodel.Scneario3" name="openurl" time="2.784"/>
  <system-out/>
</testsuite> <!-- pageobejctmodel.Scneario3 -->
