<?xml version="1.0" encoding="UTF-8"?>
<!-- Generated by org.testng.reporters.JUnitReportReporter -->
<testsuite hostname="vm-lab76-3-439.asia-south1-b.c.niit-stackroute-2.internal" failures="0" tests="1" name="webdriveruniversity.zebra4" time="16.301" errors="0" timestamp="2025-02-09T15:52:39 IST" skipped="0">
  <testcase classname="webdriveruniversity.zebra4" name="runmenu" time="16.301"/>
  <system-out/>
</testsuite> <!-- webdriveruniversity.zebra4 -->
