<?xml version="1.0" encoding="UTF-8"?>
<!-- Generated by org.testng.reporters.JUnitReportReporter -->
<testsuite hostname="vm-lab76-3-439.asia-south1-b.c.niit-stackroute-2.internal" failures="0" tests="1" name="webdriveruniversity.Zebra5" time="46.213" errors="0" timestamp="2025-02-09T12:38:43 IST" skipped="0">
  <testcase classname="webdriveruniversity.Zebra5" name="inNav" time="46.213"/>
  <system-out/>
</testsuite> <!-- webdriveruniversity.Zebra5 -->
