<?xml version="1.0" encoding="UTF-8"?>
<!-- Generated by org.testng.reporters.JUnitReportReporter -->
<testsuite hostname="VM-Lab34-3-440" failures="0" tests="3" name="TestNgpackage.Saucedemo" time="4.262" errors="0" timestamp="2025-02-16T13:35:14 UTC" skipped="0">
  <testcase classname="TestNgpackage.Saucedemo" name="selectproduct" time="0.140"/>
  <system-out/>
  <testcase classname="TestNgpackage.Saucedemo" name="completeaction" time="1.745"/>
  <system-out/>
  <testcase classname="TestNgpackage.Saucedemo" name="login" time="2.377"/>
  <system-out/>
</testsuite> <!-- TestNgpackage.Saucedemo -->
