<?xml version="1.0" encoding="UTF-8"?>
<!-- Generated by org.testng.reporters.JUnitReportReporter -->
<testsuite hostname="vm-lab76-3-439.asia-south1-b.c.niit-stackroute-2.internal" failures="0" tests="1" name="webdriveruniversity.softwarenavig" time="5.452" errors="0" timestamp="2025-02-10T12:11:20 IST" skipped="0">
  <testcase classname="webdriveruniversity.softwarenavig" name="softnav" time="5.452"/>
  <system-out/>
</testsuite> <!-- webdriveruniversity.softwarenavig -->
