<?xml version="1.0" encoding="UTF-8"?>
<!-- Generated by org.testng.reporters.JUnitReportReporter -->
<testsuite hostname="vm-lab76-3-439.asia-south1-b.c.niit-stackroute-2.internal" failures="0" tests="1" name="testingapipack.getrequest" time="1.827" errors="0" timestamp="2025-02-11T14:52:42 IST" skipped="0">
  <testcase classname="testingapipack.getrequest" name="testGetUsers" time="1.827"/>
</testsuite> <!-- testingapipack.getrequest -->
