<?xml version="1.0" encoding="UTF-8"?>
<!-- Generated by org.testng.reporters.JUnitReportReporter -->
<testsuite hostname="VM-Lab34-3-440" failures="0" tests="5" name="pageobejctmodel.Scneario3" time="57.150" errors="0" timestamp="2025-02-19T04:28:03 UTC" skipped="0">
  <testcase classname="pageobejctmodel.Scneario3" name="openurl" time="2.691"/>
  <system-out/>
  <testcase classname="pageobejctmodel.Scneario3" name="listurlsofmainmenu" time="13.757"/>
  <system-out/>
  <testcase classname="pageobejctmodel.Scneario3" name="softwaremenunav" time="20.284"/>
  <system-out/>
  <testcase classname="pageobejctmodel.Scneario3" name="capturenavitems" time="4.030"/>
  <system-out/>
  <testcase classname="pageobejctmodel.Scneario3" name="zerotouch" time="16.388"/>
  <system-out/>
</testsuite> <!-- pageobejctmodel.Scneario3 -->
