<?xml version="1.0" encoding="UTF-8"?>
<!-- Generated by org.testng.reporters.JUnitReportReporter -->
<testsuite hostname="VM-Lab34-3-440" failures="0" tests="1" name="cucumbertests.TestRunnerClass" time="4.768" errors="0" timestamp="2025-02-13T09:34:57 UTC" skipped="0">
  <testcase classname="cucumbertests.TestRunnerClass" name="runScenario" time="4.768"/>
</testsuite> <!-- cucumbertests.TestRunnerClass -->
