<?xml version="1.0" encoding="UTF-8"?>
<!-- Generated by org.testng.reporters.JUnitReportReporter -->
<testsuite hostname="vm-lab76-3-439.asia-south1-b.c.niit-stackroute-2.internal" failures="0" tests="3" name="cucumbertests.TestRunnerClass" time="12.081" errors="0" timestamp="2025-02-07T11:30:41 IST" skipped="0">
  <testcase classname="cucumbertests.TestRunnerClass" name="runScenario" time="3.477"/>
  <testcase classname="cucumbertests.TestRunnerClass" name="runScenario" time="4.466"/>
  <testcase classname="cucumbertests.TestRunnerClass" name="runScenario" time="4.138"/>
</testsuite> <!-- cucumbertests.TestRunnerClass -->
